2025-12-05 22:07:32,179 [Worker-8: Loading available Gradle versions] INFO  o.e.b.c.i.u.g.PublishedGradleVersions - Gradle version information cache is not available. Remote download required.
2025-12-06 00:35:08,176 [Worker-7: Loading available Gradle versions] INFO  o.e.b.c.i.u.g.PublishedGradleVersions - Gradle version information cache is up-to-date. Trying to read.
2025-12-06 00:41:08,702 [Worker-11: Launching mavenrun-63a56719-d053-4b94-8bf7-0ad85d421fa2] INFO  o.eclipse.m2e.core.internal.Bundles - getClasspathEntries(Bundle=org.eclipse.m2e.maven.runtime_3.9.1100.20250811-2018 [364])
2025-12-06 00:41:08,707 [Worker-11: Launching mavenrun-63a56719-d053-4b94-8bf7-0ad85d421fa2] INFO  o.eclipse.m2e.core.internal.Bundles - 	Entry: D:\SpringBoot\sts-4.32.0.RELEASE\plugins\org.eclipse.m2e.maven.runtime_3.9.1100.20250811-2018
2025-12-06 00:41:08,711 [Worker-11: Launching mavenrun-63a56719-d053-4b94-8bf7-0ad85d421fa2] INFO  o.eclipse.m2e.core.internal.Bundles - 	Entry: D:\SpringBoot\sts-4.32.0.RELEASE\plugins\org.eclipse.m2e.maven.runtime_3.9.1100.20250811-2018\jars\aopalliance-1.0.jar
2025-12-06 00:41:08,712 [Worker-11: Launching mavenrun-63a56719-d053-4b94-8bf7-0ad85d421fa2] INFO  o.eclipse.m2e.core.internal.Bundles - 	Entry: D:\SpringBoot\sts-4.32.0.RELEASE\plugins\org.eclipse.m2e.maven.runtime_3.9.1100.20250811-2018\jars\asm-9.8.jar
2025-12-06 00:41:08,712 [Worker-11: Launching mavenrun-63a56719-d053-4b94-8bf7-0ad85d421fa2] INFO  o.eclipse.m2e.core.internal.Bundles - 	Entry: D:\SpringBoot\sts-4.32.0.RELEASE\plugins\org.eclipse.m2e.maven.runtime_3.9.1100.20250811-2018\jars\error_prone_annotations-2.38.0.jar
2025-12-06 00:41:08,712 [Worker-11: Launching mavenrun-63a56719-d053-4b94-8bf7-0ad85d421fa2] INFO  o.eclipse.m2e.core.internal.Bundles - 	Entry: D:\SpringBoot\sts-4.32.0.RELEASE\plugins\org.eclipse.m2e.maven.runtime_3.9.1100.20250811-2018\jars\gson-2.13.1.jar
2025-12-06 00:41:08,712 [Worker-11: Launching mavenrun-63a56719-d053-4b94-8bf7-0ad85d421fa2] INFO  o.eclipse.m2e.core.internal.Bundles - 	Entry: D:\SpringBoot\sts-4.32.0.RELEASE\plugins\org.eclipse.m2e.maven.runtime_3.9.1100.20250811-2018\jars\guice-5.1.0-classes.jar
2025-12-06 00:41:08,712 [Worker-11: Launching mavenrun-63a56719-d053-4b94-8bf7-0ad85d421fa2] INFO  o.eclipse.m2e.core.internal.Bundles - 	Entry: D:\SpringBoot\sts-4.32.0.RELEASE\plugins\org.eclipse.m2e.maven.runtime_3.9.1100.20250811-2018\jars\httpclient-4.5.14.jar
2025-12-06 00:41:08,713 [Worker-11: Launching mavenrun-63a56719-d053-4b94-8bf7-0ad85d421fa2] INFO  o.eclipse.m2e.core.internal.Bundles - 	Entry: D:\SpringBoot\sts-4.32.0.RELEASE\plugins\org.eclipse.m2e.maven.runtime_3.9.1100.20250811-2018\jars\httpcore-4.4.16.jar
2025-12-06 00:41:08,713 [Worker-11: Launching mavenrun-63a56719-d053-4b94-8bf7-0ad85d421fa2] INFO  o.eclipse.m2e.core.internal.Bundles - 	Entry: D:\SpringBoot\sts-4.32.0.RELEASE\plugins\org.eclipse.m2e.maven.runtime_3.9.1100.20250811-2018\jars\jansi-2.4.2.jar
2025-12-06 00:41:08,713 [Worker-11: Launching mavenrun-63a56719-d053-4b94-8bf7-0ad85d421fa2] INFO  o.eclipse.m2e.core.internal.Bundles - 	Entry: D:\SpringBoot\sts-4.32.0.RELEASE\plugins\org.eclipse.m2e.maven.runtime_3.9.1100.20250811-2018\jars\jcl-over-slf4j-1.7.36.jar
2025-12-06 00:41:08,713 [Worker-11: Launching mavenrun-63a56719-d053-4b94-8bf7-0ad85d421fa2] INFO  o.eclipse.m2e.core.internal.Bundles - 	Entry: D:\SpringBoot\sts-4.32.0.RELEASE\plugins\org.eclipse.m2e.maven.runtime_3.9.1100.20250811-2018\jars\maven-artifact-3.9.11.jar
2025-12-06 00:41:08,713 [Worker-11: Launching mavenrun-63a56719-d053-4b94-8bf7-0ad85d421fa2] INFO  o.eclipse.m2e.core.internal.Bundles - 	Entry: D:\SpringBoot\sts-4.32.0.RELEASE\plugins\org.eclipse.m2e.maven.runtime_3.9.1100.20250811-2018\jars\maven-builder-support-3.9.11.jar
2025-12-06 00:41:08,713 [Worker-11: Launching mavenrun-63a56719-d053-4b94-8bf7-0ad85d421fa2] INFO  o.eclipse.m2e.core.internal.Bundles - 	Entry: D:\SpringBoot\sts-4.32.0.RELEASE\plugins\org.eclipse.m2e.maven.runtime_3.9.1100.20250811-2018\jars\maven-compat-3.9.11.jar
2025-12-06 00:41:08,713 [Worker-11: Launching mavenrun-63a56719-d053-4b94-8bf7-0ad85d421fa2] INFO  o.eclipse.m2e.core.internal.Bundles - 	Entry: D:\SpringBoot\sts-4.32.0.RELEASE\plugins\org.eclipse.m2e.maven.runtime_3.9.1100.20250811-2018\jars\maven-core-3.9.11.jar
2025-12-06 00:41:08,713 [Worker-11: Launching mavenrun-63a56719-d053-4b94-8bf7-0ad85d421fa2] INFO  o.eclipse.m2e.core.internal.Bundles - 	Entry: D:\SpringBoot\sts-4.32.0.RELEASE\plugins\org.eclipse.m2e.maven.runtime_3.9.1100.20250811-2018\jars\maven-embedder-3.9.11.jar
2025-12-06 00:41:08,714 [Worker-11: Launching mavenrun-63a56719-d053-4b94-8bf7-0ad85d421fa2] INFO  o.eclipse.m2e.core.internal.Bundles - 	Entry: D:\SpringBoot\sts-4.32.0.RELEASE\plugins\org.eclipse.m2e.maven.runtime_3.9.1100.20250811-2018\jars\maven-model-3.9.11.jar
2025-12-06 00:41:08,714 [Worker-11: Launching mavenrun-63a56719-d053-4b94-8bf7-0ad85d421fa2] INFO  o.eclipse.m2e.core.internal.Bundles - 	Entry: D:\SpringBoot\sts-4.32.0.RELEASE\plugins\org.eclipse.m2e.maven.runtime_3.9.1100.20250811-2018\jars\maven-model-builder-3.9.11.jar
2025-12-06 00:41:08,714 [Worker-11: Launching mavenrun-63a56719-d053-4b94-8bf7-0ad85d421fa2] INFO  o.eclipse.m2e.core.internal.Bundles - 	Entry: D:\SpringBoot\sts-4.32.0.RELEASE\plugins\org.eclipse.m2e.maven.runtime_3.9.1100.20250811-2018\jars\maven-plugin-api-3.9.11.jar
2025-12-06 00:41:08,714 [Worker-11: Launching mavenrun-63a56719-d053-4b94-8bf7-0ad85d421fa2] INFO  o.eclipse.m2e.core.internal.Bundles - 	Entry: D:\SpringBoot\sts-4.32.0.RELEASE\plugins\org.eclipse.m2e.maven.runtime_3.9.1100.20250811-2018\jars\maven-repository-metadata-3.9.11.jar
2025-12-06 00:41:08,714 [Worker-11: Launching mavenrun-63a56719-d053-4b94-8bf7-0ad85d421fa2] INFO  o.eclipse.m2e.core.internal.Bundles - 	Entry: D:\SpringBoot\sts-4.32.0.RELEASE\plugins\org.eclipse.m2e.maven.runtime_3.9.1100.20250811-2018\jars\maven-resolver-api-1.9.24.jar
2025-12-06 00:41:08,714 [Worker-11: Launching mavenrun-63a56719-d053-4b94-8bf7-0ad85d421fa2] INFO  o.eclipse.m2e.core.internal.Bundles - 	Entry: D:\SpringBoot\sts-4.32.0.RELEASE\plugins\org.eclipse.m2e.maven.runtime_3.9.1100.20250811-2018\jars\maven-resolver-connector-basic-1.9.24.jar
2025-12-06 00:41:08,714 [Worker-11: Launching mavenrun-63a56719-d053-4b94-8bf7-0ad85d421fa2] INFO  o.eclipse.m2e.core.internal.Bundles - 	Entry: D:\SpringBoot\sts-4.32.0.RELEASE\plugins\org.eclipse.m2e.maven.runtime_3.9.1100.20250811-2018\jars\maven-resolver-impl-1.9.24.jar
2025-12-06 00:41:08,714 [Worker-11: Launching mavenrun-63a56719-d053-4b94-8bf7-0ad85d421fa2] INFO  o.eclipse.m2e.core.internal.Bundles - 	Entry: D:\SpringBoot\sts-4.32.0.RELEASE\plugins\org.eclipse.m2e.maven.runtime_3.9.1100.20250811-2018\jars\maven-resolver-named-locks-1.9.24.jar
2025-12-06 00:41:08,714 [Worker-11: Launching mavenrun-63a56719-d053-4b94-8bf7-0ad85d421fa2] INFO  o.eclipse.m2e.core.internal.Bundles - 	Entry: D:\SpringBoot\sts-4.32.0.RELEASE\plugins\org.eclipse.m2e.maven.runtime_3.9.1100.20250811-2018\jars\maven-resolver-provider-3.9.11.jar
2025-12-06 00:41:08,714 [Worker-11: Launching mavenrun-63a56719-d053-4b94-8bf7-0ad85d421fa2] INFO  o.eclipse.m2e.core.internal.Bundles - 	Entry: D:\SpringBoot\sts-4.32.0.RELEASE\plugins\org.eclipse.m2e.maven.runtime_3.9.1100.20250811-2018\jars\maven-resolver-spi-1.9.24.jar
2025-12-06 00:41:08,714 [Worker-11: Launching mavenrun-63a56719-d053-4b94-8bf7-0ad85d421fa2] INFO  o.eclipse.m2e.core.internal.Bundles - 	Entry: D:\SpringBoot\sts-4.32.0.RELEASE\plugins\org.eclipse.m2e.maven.runtime_3.9.1100.20250811-2018\jars\maven-resolver-transport-file-1.9.24.jar
2025-12-06 00:41:08,715 [Worker-11: Launching mavenrun-63a56719-d053-4b94-8bf7-0ad85d421fa2] INFO  o.eclipse.m2e.core.internal.Bundles - 	Entry: D:\SpringBoot\sts-4.32.0.RELEASE\plugins\org.eclipse.m2e.maven.runtime_3.9.1100.20250811-2018\jars\maven-resolver-transport-http-1.9.24.jar
2025-12-06 00:41:08,715 [Worker-11: Launching mavenrun-63a56719-d053-4b94-8bf7-0ad85d421fa2] INFO  o.eclipse.m2e.core.internal.Bundles - 	Entry: D:\SpringBoot\sts-4.32.0.RELEASE\plugins\org.eclipse.m2e.maven.runtime_3.9.1100.20250811-2018\jars\maven-resolver-transport-wagon-1.9.24.jar
2025-12-06 00:41:08,715 [Worker-11: Launching mavenrun-63a56719-d053-4b94-8bf7-0ad85d421fa2] INFO  o.eclipse.m2e.core.internal.Bundles - 	Entry: D:\SpringBoot\sts-4.32.0.RELEASE\plugins\org.eclipse.m2e.maven.runtime_3.9.1100.20250811-2018\jars\maven-resolver-util-1.9.24.jar
2025-12-06 00:41:08,715 [Worker-11: Launching mavenrun-63a56719-d053-4b94-8bf7-0ad85d421fa2] INFO  o.eclipse.m2e.core.internal.Bundles - 	Entry: D:\SpringBoot\sts-4.32.0.RELEASE\plugins\org.eclipse.m2e.maven.runtime_3.9.1100.20250811-2018\jars\maven-settings-3.9.11.jar
2025-12-06 00:41:08,715 [Worker-11: Launching mavenrun-63a56719-d053-4b94-8bf7-0ad85d421fa2] INFO  o.eclipse.m2e.core.internal.Bundles - 	Entry: D:\SpringBoot\sts-4.32.0.RELEASE\plugins\org.eclipse.m2e.maven.runtime_3.9.1100.20250811-2018\jars\maven-settings-builder-3.9.11.jar
2025-12-06 00:41:08,715 [Worker-11: Launching mavenrun-63a56719-d053-4b94-8bf7-0ad85d421fa2] INFO  o.eclipse.m2e.core.internal.Bundles - 	Entry: D:\SpringBoot\sts-4.32.0.RELEASE\plugins\org.eclipse.m2e.maven.runtime_3.9.1100.20250811-2018\jars\maven-shared-utils-3.4.2.jar
2025-12-06 00:41:08,715 [Worker-11: Launching mavenrun-63a56719-d053-4b94-8bf7-0ad85d421fa2] INFO  o.eclipse.m2e.core.internal.Bundles - 	Entry: D:\SpringBoot\sts-4.32.0.RELEASE\plugins\org.eclipse.m2e.maven.runtime_3.9.1100.20250811-2018\jars\org.eclipse.sisu.inject-0.9.0.M4.jar
2025-12-06 00:41:08,716 [Worker-11: Launching mavenrun-63a56719-d053-4b94-8bf7-0ad85d421fa2] INFO  o.eclipse.m2e.core.internal.Bundles - 	Entry: D:\SpringBoot\sts-4.32.0.RELEASE\plugins\org.eclipse.m2e.maven.runtime_3.9.1100.20250811-2018\jars\org.eclipse.sisu.plexus-0.9.0.M4.jar
2025-12-06 00:41:08,716 [Worker-11: Launching mavenrun-63a56719-d053-4b94-8bf7-0ad85d421fa2] INFO  o.eclipse.m2e.core.internal.Bundles - 	Entry: D:\SpringBoot\sts-4.32.0.RELEASE\plugins\org.eclipse.m2e.maven.runtime_3.9.1100.20250811-2018\jars\plexus-build-api-0.0.7.jar
2025-12-06 00:41:08,716 [Worker-11: Launching mavenrun-63a56719-d053-4b94-8bf7-0ad85d421fa2] INFO  o.eclipse.m2e.core.internal.Bundles - 	Entry: D:\SpringBoot\sts-4.32.0.RELEASE\plugins\org.eclipse.m2e.maven.runtime_3.9.1100.20250811-2018\jars\plexus-build-api-1.2.0.jar
2025-12-06 00:41:08,716 [Worker-11: Launching mavenrun-63a56719-d053-4b94-8bf7-0ad85d421fa2] INFO  o.eclipse.m2e.core.internal.Bundles - 	Entry: D:\SpringBoot\sts-4.32.0.RELEASE\plugins\org.eclipse.m2e.maven.runtime_3.9.1100.20250811-2018\jars\plexus-cipher-2.0.jar
2025-12-06 00:41:08,716 [Worker-11: Launching mavenrun-63a56719-d053-4b94-8bf7-0ad85d421fa2] INFO  o.eclipse.m2e.core.internal.Bundles - 	Entry: D:\SpringBoot\sts-4.32.0.RELEASE\plugins\org.eclipse.m2e.maven.runtime_3.9.1100.20250811-2018\jars\plexus-classworlds-2.9.0.jar
2025-12-06 00:41:08,716 [Worker-11: Launching mavenrun-63a56719-d053-4b94-8bf7-0ad85d421fa2] INFO  o.eclipse.m2e.core.internal.Bundles - 	Entry: D:\SpringBoot\sts-4.32.0.RELEASE\plugins\org.eclipse.m2e.maven.runtime_3.9.1100.20250811-2018\jars\plexus-component-annotations-2.2.0.jar
2025-12-06 00:41:08,716 [Worker-11: Launching mavenrun-63a56719-d053-4b94-8bf7-0ad85d421fa2] INFO  o.eclipse.m2e.core.internal.Bundles - 	Entry: D:\SpringBoot\sts-4.32.0.RELEASE\plugins\org.eclipse.m2e.maven.runtime_3.9.1100.20250811-2018\jars\plexus-interpolation-1.28.jar
2025-12-06 00:41:08,717 [Worker-11: Launching mavenrun-63a56719-d053-4b94-8bf7-0ad85d421fa2] INFO  o.eclipse.m2e.core.internal.Bundles - 	Entry: D:\SpringBoot\sts-4.32.0.RELEASE\plugins\org.eclipse.m2e.maven.runtime_3.9.1100.20250811-2018\jars\plexus-sec-dispatcher-2.0.jar
2025-12-06 00:41:08,717 [Worker-11: Launching mavenrun-63a56719-d053-4b94-8bf7-0ad85d421fa2] INFO  o.eclipse.m2e.core.internal.Bundles - 	Entry: D:\SpringBoot\sts-4.32.0.RELEASE\plugins\org.eclipse.m2e.maven.runtime_3.9.1100.20250811-2018\jars\plexus-utils-3.6.0.jar
2025-12-06 00:41:08,717 [Worker-11: Launching mavenrun-63a56719-d053-4b94-8bf7-0ad85d421fa2] INFO  o.eclipse.m2e.core.internal.Bundles - 	Entry: D:\SpringBoot\sts-4.32.0.RELEASE\plugins\org.eclipse.m2e.maven.runtime_3.9.1100.20250811-2018\jars\wagon-file-3.5.3.jar
2025-12-06 00:41:08,717 [Worker-11: Launching mavenrun-63a56719-d053-4b94-8bf7-0ad85d421fa2] INFO  o.eclipse.m2e.core.internal.Bundles - 	Entry: D:\SpringBoot\sts-4.32.0.RELEASE\plugins\org.eclipse.m2e.maven.runtime_3.9.1100.20250811-2018\jars\wagon-http-3.5.3.jar
2025-12-06 00:41:08,717 [Worker-11: Launching mavenrun-63a56719-d053-4b94-8bf7-0ad85d421fa2] INFO  o.eclipse.m2e.core.internal.Bundles - 	Entry: D:\SpringBoot\sts-4.32.0.RELEASE\plugins\org.eclipse.m2e.maven.runtime_3.9.1100.20250811-2018\jars\wagon-http-shared-3.5.3.jar
2025-12-06 00:41:08,717 [Worker-11: Launching mavenrun-63a56719-d053-4b94-8bf7-0ad85d421fa2] INFO  o.eclipse.m2e.core.internal.Bundles - 	Entry: D:\SpringBoot\sts-4.32.0.RELEASE\plugins\org.eclipse.m2e.maven.runtime_3.9.1100.20250811-2018\jars\wagon-provider-api-3.5.3.jar
2025-12-06 00:41:08,719 [Worker-11: Launching mavenrun-63a56719-d053-4b94-8bf7-0ad85d421fa2] INFO  o.eclipse.m2e.core.internal.Bundles - getClasspathEntries(Bundle=com.google.guava_33.4.8.jre [31])
2025-12-06 00:41:08,720 [Worker-11: Launching mavenrun-63a56719-d053-4b94-8bf7-0ad85d421fa2] INFO  o.eclipse.m2e.core.internal.Bundles - 	Entry: D:\SpringBoot\sts-4.32.0.RELEASE\plugins\com.google.guava_33.4.8.jre.jar
2025-12-06 00:41:08,720 [Worker-11: Launching mavenrun-63a56719-d053-4b94-8bf7-0ad85d421fa2] INFO  o.eclipse.m2e.core.internal.Bundles - getClasspathEntries(Bundle=slf4j.api_2.0.17 [612])
2025-12-06 00:41:08,721 [Worker-11: Launching mavenrun-63a56719-d053-4b94-8bf7-0ad85d421fa2] INFO  o.eclipse.m2e.core.internal.Bundles - 	Entry: D:\SpringBoot\sts-4.32.0.RELEASE\plugins\slf4j.api_2.0.17.jar
2025-12-06 00:41:08,721 [Worker-11: Launching mavenrun-63a56719-d053-4b94-8bf7-0ad85d421fa2] INFO  o.eclipse.m2e.core.internal.Bundles - getClasspathEntries(Bundle=jakarta.inject.jakarta.inject-api_1.0.5 [46])
2025-12-06 00:41:08,721 [Worker-11: Launching mavenrun-63a56719-d053-4b94-8bf7-0ad85d421fa2] INFO  o.eclipse.m2e.core.internal.Bundles - 	Entry: D:\SpringBoot\sts-4.32.0.RELEASE\plugins\jakarta.inject.jakarta.inject-api_1.0.5.jar
2025-12-06 00:41:08,722 [Worker-11: Launching mavenrun-63a56719-d053-4b94-8bf7-0ad85d421fa2] INFO  o.eclipse.m2e.core.internal.Bundles - getClasspathEntries(Bundle=jakarta.annotation-api_1.3.5 [43])
2025-12-06 00:41:08,722 [Worker-11: Launching mavenrun-63a56719-d053-4b94-8bf7-0ad85d421fa2] INFO  o.eclipse.m2e.core.internal.Bundles - 	Entry: D:\SpringBoot\sts-4.32.0.RELEASE\plugins\jakarta.annotation-api_1.3.5.jar
2025-12-06 00:41:08,722 [Worker-11: Launching mavenrun-63a56719-d053-4b94-8bf7-0ad85d421fa2] INFO  o.eclipse.m2e.core.internal.Bundles - getClasspathEntries(Bundle=org.apache.commons.cli_1.10.0 [78])
2025-12-06 00:41:08,723 [Worker-11: Launching mavenrun-63a56719-d053-4b94-8bf7-0ad85d421fa2] INFO  o.eclipse.m2e.core.internal.Bundles - 	Entry: D:\SpringBoot\sts-4.32.0.RELEASE\plugins\org.apache.commons.cli_1.10.0.jar
2025-12-06 00:41:08,723 [Worker-11: Launching mavenrun-63a56719-d053-4b94-8bf7-0ad85d421fa2] INFO  o.eclipse.m2e.core.internal.Bundles - getClasspathEntries(Bundle=org.apache.commons.commons-codec_1.19.0 [80])
2025-12-06 00:41:08,723 [Worker-11: Launching mavenrun-63a56719-d053-4b94-8bf7-0ad85d421fa2] INFO  o.eclipse.m2e.core.internal.Bundles - 	Entry: D:\SpringBoot\sts-4.32.0.RELEASE\plugins\org.apache.commons.commons-codec_1.19.0.jar
2025-12-06 00:41:08,723 [Worker-11: Launching mavenrun-63a56719-d053-4b94-8bf7-0ad85d421fa2] INFO  o.eclipse.m2e.core.internal.Bundles - getClasspathEntries(Bundle=com.google.guava.failureaccess_1.0.3 [32])
2025-12-06 00:41:08,723 [Worker-11: Launching mavenrun-63a56719-d053-4b94-8bf7-0ad85d421fa2] INFO  o.eclipse.m2e.core.internal.Bundles - 	Entry: D:\SpringBoot\sts-4.32.0.RELEASE\plugins\com.google.guava.failureaccess_1.0.3.jar
2025-12-06 00:41:08,738 [Worker-11: Launching mavenrun-63a56719-d053-4b94-8bf7-0ad85d421fa2] INFO  o.e.m.i.launch.MavenLaunchDelegate - Run build in "C:\Users\91773\AppData\Local\Temp\m2e-archetypeGenerator651222555656640927":
2025-12-06 00:41:08,750 [Worker-11: Launching mavenrun-63a56719-d053-4b94-8bf7-0ad85d421fa2] INFO  o.e.m.i.launch.MavenLaunchDelegate -  mvn  -DarchetypeGroupId=org.apache.maven.archetypes -DarchetypeArtifactId=maven-archetype-quickstart -DarchetypeVersion=1.1 -DgroupId=com.example.sms -DartifactId=student-management -Dversion=0.0.1-SNAPSHOT -Dpackage=com.example.sms -DoutputDirectory=D:\YOUTUBE -Dstyle.color=always -U archetype:generate
2025-12-06 00:41:38,489 [Worker-0: Creating maven-archetype-quickstart] INFO  o.e.m.c.i.p.ProjectConfigurationManager - Collecting project info '/pom.xml' D:\YOUTUBE\student-management\pom.xml
2025-12-06 00:41:39,525 [Worker-0: Creating maven-archetype-quickstart] INFO  o.e.m.c.i.l.LifecycleMappingFactory - Using org.eclipse.m2e.jdt.JarLifecycleMapping lifecycle mapping for MavenProject: com.example.sms:student-management:0.0.1-SNAPSHOT @ D:\YOUTUBE\student-management\pom.xml.
2025-12-06 00:41:41,428 [Worker-0: Creating maven-archetype-quickstart] INFO  o.e.m.j.i.AbstractJavaProjectConfigurator - Adding source folder /student-management/src/main/java
2025-12-06 00:41:41,430 [Worker-0: Creating maven-archetype-quickstart] INFO  o.e.m.j.i.AbstractJavaProjectConfigurator - Adding resource folder /student-management/src/main/resources
2025-12-06 00:41:41,443 [Worker-0: Creating maven-archetype-quickstart] INFO  o.e.m.j.i.AbstractJavaProjectConfigurator - Adding source folder /student-management/src/test/java
2025-12-06 00:41:41,445 [Worker-0: Creating maven-archetype-quickstart] INFO  o.e.m.j.i.AbstractJavaProjectConfigurator - Adding resource folder /student-management/src/test/resources
2025-12-06 00:41:41,645 [Worker-0: Creating maven-archetype-quickstart] WARN  o.apache.maven.project.MavenProject - Direct modification of compileSourceRoots through clear() is deprecated and will not work in Maven 4.0.0. Please use the add/remove methods instead. If you're using a plugin that causes this warning, please upgrade to the latest version and report an issue if the warning persists. To disable these warnings, set -Dmaven.project.sourceRoots.warningsDisabled=true on the command line, in the .mvn/maven.config file, or in project POM properties.
2025-12-06 00:41:41,647 [Worker-0: Creating maven-archetype-quickstart] WARN  o.apache.maven.project.MavenProject - Direct modification of compileSourceRoots through add() is deprecated and will not work in Maven 4.0.0. Please use the add/remove methods instead. If you're using a plugin that causes this warning, please upgrade to the latest version and report an issue if the warning persists. To disable these warnings, set -Dmaven.project.sourceRoots.warningsDisabled=true on the command line, in the .mvn/maven.config file, or in project POM properties.
2025-12-06 00:41:41,648 [Worker-0: Creating maven-archetype-quickstart] WARN  o.apache.maven.project.MavenProject - Direct modification of testCompileSourceRoots through clear() is deprecated and will not work in Maven 4.0.0. Please use the add/remove methods instead. If you're using a plugin that causes this warning, please upgrade to the latest version and report an issue if the warning persists. To disable these warnings, set -Dmaven.project.sourceRoots.warningsDisabled=true on the command line, in the .mvn/maven.config file, or in project POM properties.
2025-12-06 00:41:41,649 [Worker-0: Creating maven-archetype-quickstart] WARN  o.apache.maven.project.MavenProject - Direct modification of testCompileSourceRoots through add() is deprecated and will not work in Maven 4.0.0. Please use the add/remove methods instead. If you're using a plugin that causes this warning, please upgrade to the latest version and report an issue if the warning persists. To disable these warnings, set -Dmaven.project.sourceRoots.warningsDisabled=true on the command line, in the .mvn/maven.config file, or in project POM properties.
2025-12-06 00:41:41,673 [Worker-0: Creating maven-archetype-quickstart] INFO  o.e.m.c.i.p.ProjectConfigurationManager - Imported and configured 1 project(s) in 3 sec
2025-12-06 00:41:43,027 [Worker-0: Building] INFO  o.a.m.s.f.DefaultMavenResourcesFiltering - skip non existing resourceDirectory D:\YOUTUBE\student-management\src\main\resources
2025-12-06 00:41:43,034 [Worker-0: Building] INFO  o.a.m.s.f.DefaultMavenResourcesFiltering - skip non existing resourceDirectory D:\YOUTUBE\student-management\src\test\resources
2025-12-06 00:41:43,533 [Worker-0: Building] WARN  o.apache.maven.project.MavenProject - Direct modification of compileSourceRoots through clear() is deprecated and will not work in Maven 4.0.0. Please use the add/remove methods instead. If you're using a plugin that causes this warning, please upgrade to the latest version and report an issue if the warning persists. To disable these warnings, set -Dmaven.project.sourceRoots.warningsDisabled=true on the command line, in the .mvn/maven.config file, or in project POM properties.
2025-12-06 00:41:43,535 [Worker-0: Building] WARN  o.apache.maven.project.MavenProject - Direct modification of compileSourceRoots through add() is deprecated and will not work in Maven 4.0.0. Please use the add/remove methods instead. If you're using a plugin that causes this warning, please upgrade to the latest version and report an issue if the warning persists. To disable these warnings, set -Dmaven.project.sourceRoots.warningsDisabled=true on the command line, in the .mvn/maven.config file, or in project POM properties.
2025-12-06 00:41:43,536 [Worker-0: Building] WARN  o.apache.maven.project.MavenProject - Direct modification of testCompileSourceRoots through clear() is deprecated and will not work in Maven 4.0.0. Please use the add/remove methods instead. If you're using a plugin that causes this warning, please upgrade to the latest version and report an issue if the warning persists. To disable these warnings, set -Dmaven.project.sourceRoots.warningsDisabled=true on the command line, in the .mvn/maven.config file, or in project POM properties.
2025-12-06 00:41:43,538 [Worker-0: Building] WARN  o.apache.maven.project.MavenProject - Direct modification of testCompileSourceRoots through add() is deprecated and will not work in Maven 4.0.0. Please use the add/remove methods instead. If you're using a plugin that causes this warning, please upgrade to the latest version and report an issue if the warning persists. To disable these warnings, set -Dmaven.project.sourceRoots.warningsDisabled=true on the command line, in the .mvn/maven.config file, or in project POM properties.
